<?xml version="1.0" encoding="UTF-8"?>
<!-- Generated by org.testng.reporters.JUnitReportReporter -->
<testsuite hostname="LAPTOP-U90ATLIT" failures="0" tests="2" name="com.amz.qa.test.SignInPageTest" time="67.987" errors="0" timestamp="29 Jan 2021 22:24:32 GMT">
  <testcase classname="com.amz.qa.test.SignInPageTest" name="postSignIn" time="6.909"/>
  <testcase classname="com.amz.qa.test.SignInPageTest" name="SigninTest" time="61.078"/>
</testsuite> <!-- com.amz.qa.test.SignInPageTest -->
