<?xml version="1.0" encoding="UTF-8"?>
<!-- Generated by org.testng.reporters.JUnitReportReporter -->
<testsuite hostname="LAPTOP-U90ATLIT" failures="0" tests="2" name="com.amz.qa.test.HomePageTest" time="12.429" errors="0" timestamp="28 Jan 2021 20:09:24 GMT">
  <testcase classname="com.amz.qa.test.HomePageTest" name="searchItem" time="8.605"/>
  <testcase classname="com.amz.qa.test.HomePageTest" name="HomePageTitleTest" time="3.824"/>
</testsuite> <!-- com.amz.qa.test.HomePageTest -->
