<?xml version="1.0" encoding="UTF-8"?>
<!-- Generated by org.testng.reporters.JUnitReportReporter -->
<testsuite hostname="LAPTOP-U6U3L30R" failures="0" tests="1" name="com.demoQA.pages.ElementsWebTableTest" time="0.747" errors="0" timestamp="15 Mar 2021 21:31:48 GMT">
  <testcase classname="com.demoQA.pages.ElementsWebTableTest" name="checkName" time="0.747"/>
</testsuite> <!-- com.demoQA.pages.ElementsWebTableTest -->
