<?xml version="1.0" encoding="UTF-8"?>
<!-- Generated by org.testng.reporters.JUnitReportReporter -->
<testsuite hostname="LAPTOP-U6U3L30R" failures="0" tests="1" name="com.demoQA.pages.ExtentReportdemo" time="3.890" errors="0" timestamp="30 Mar 2021 18:51:39 GMT">
  <testcase classname="com.demoQA.pages.ExtentReportdemo" name="TestReport" time="3.890"/>
</testsuite> <!-- com.demoQA.pages.ExtentReportdemo -->
