<?xml version="1.0" encoding="UTF-8"?>
<!-- Generated by org.testng.reporters.JUnitReportReporter -->
<testsuite hostname="LAPTOP-U6U3L30R" failures="0" tests="3" name="com.demoQA.pages.HomePageTest" time="0.316" errors="0" timestamp="25 Mar 2021 20:53:11 GMT">
  <testcase classname="com.demoQA.pages.HomePageTest" name="testFrameClick" time="0.089"/>
  <testcase classname="com.demoQA.pages.HomePageTest" name="testElementsClick" time="0.132"/>
  <testcase classname="com.demoQA.pages.HomePageTest" name="testFormsClick" time="0.095"/>
</testsuite> <!-- com.demoQA.pages.HomePageTest -->
