<?xml version="1.0" encoding="UTF-8"?>
<!-- Generated by org.testng.reporters.JUnitReportReporter -->
<testsuite hostname="LAPTOP-U6U3L30R" failures="0" tests="1" name="com.demoQA.pages.ElementsCheckBoxTest" time="0.279" errors="0" timestamp="30 Mar 2021 19:49:16 GMT">
  <testcase classname="com.demoQA.pages.ElementsCheckBoxTest" name="verifyCheckBox" time="0.279"/>
</testsuite> <!-- com.demoQA.pages.ElementsCheckBoxTest -->
