<?xml version="1.0" encoding="UTF-8"?>
<!-- Generated by org.testng.reporters.JUnitReportReporter -->
<testsuite hostname="LAPTOP-U6U3L30R" failures="0" tests="3" name="com.demoQA.pages.HomePageTest" time="0.303" errors="0" timestamp="5 Mar 2021 18:53:54 GMT">
  <testcase classname="com.demoQA.pages.HomePageTest" name="testElementsClick" time="0.118"/>
  <testcase classname="com.demoQA.pages.HomePageTest" name="testFrameClick" time="0.093"/>
  <testcase classname="com.demoQA.pages.HomePageTest" name="testFormsClick" time="0.092"/>
</testsuite> <!-- com.demoQA.pages.HomePageTest -->
