<?xml version="1.0" encoding="UTF-8"?>
<!-- Generated by org.testng.reporters.JUnitReportReporter -->
<testsuite hostname="LAPTOP-U6U3L30R" failures="0" tests="3" name="com.demoQA.pages.HomePageTest" time="0.349" errors="0" timestamp="22 Jun 2021 02:53:20 GMT">
  <testcase classname="com.demoQA.pages.HomePageTest" name="testFormsClick" time="0.107"/>
  <testcase classname="com.demoQA.pages.HomePageTest" name="testFrameClick" time="0.101"/>
  <testcase classname="com.demoQA.pages.HomePageTest" name="testElementsClick" time="0.141"/>
</testsuite> <!-- com.demoQA.pages.HomePageTest -->
