<?xml version="1.0" encoding="UTF-8"?>
<!-- Generated by org.testng.reporters.JUnitReportReporter -->
<testsuite hostname="LAPTOP-U90ATLIT" failures="0" tests="1" name="TestSelenium.dropdowntestselect" time="28.734" errors="0" timestamp="18 Feb 2021 16:51:02 GMT">
  <testcase classname="TestSelenium.dropdowntestselect" name="test" time="28.734"/>
</testsuite> <!-- TestSelenium.dropdowntestselect -->
