<?xml version="1.0" encoding="UTF-8"?>
<!-- Generated by org.testng.reporters.JUnitReportReporter -->
<testsuite hostname="LAPTOP-U90ATLIT" failures="0" tests="1" name="TestSelenium.titletest" time="35.226" errors="0" timestamp="17 Feb 2021 20:56:11 GMT">
  <testcase classname="TestSelenium.titletest" name="titleTest" time="35.226"/>
</testsuite> <!-- TestSelenium.titletest -->
