<?xml version="1.0" encoding="UTF-8"?>
<!-- Generated by org.testng.reporters.JUnitReportReporter -->
<testsuite hostname="LAPTOP-U90ATLIT" failures="0" tests="1" name="TestSelenium.Alertwindow" time="10.345" errors="0" timestamp="19 Feb 2021 15:06:01 GMT">
  <testcase classname="TestSelenium.Alertwindow" name="alerttest" time="10.345"/>
</testsuite> <!-- TestSelenium.Alertwindow -->
