<?xml version="1.0" encoding="UTF-8"?>
<!-- Generated by org.testng.reporters.JUnitReportReporter -->
<testsuite hostname="LAPTOP-U90ATLIT" failures="0" tests="1" name="TestSelenium.multiplewindows" time="13.531" errors="0" timestamp="19 Feb 2021 19:32:06 GMT">
  <testcase classname="TestSelenium.multiplewindows" name="multiplewindowhandle" time="13.531"/>
</testsuite> <!-- TestSelenium.multiplewindows -->
