<?xml version="1.0" encoding="UTF-8"?>
<!-- Generated by org.testng.reporters.JUnitReportReporter -->
<testsuite hostname="LAPTOP-U90ATLIT" failures="0" tests="1" name="TestSelenium.ExplicitWait" time="20.093" errors="0" timestamp="20 Feb 2021 19:28:07 GMT">
  <testcase classname="TestSelenium.ExplicitWait" name="explicitwait" time="20.093"/>
</testsuite> <!-- TestSelenium.ExplicitWait -->
