<?xml version="1.0" encoding="UTF-8"?>
<!-- Generated by org.testng.reporters.JUnitReportReporter -->
<testsuite hostname="LAPTOP-U90ATLIT" failures="0" tests="1" name="TestSelenium.DemoQA" time="5.203" errors="0" timestamp="16 Feb 2021 20:59:12 GMT">
  <testcase classname="TestSelenium.DemoQA" name="maintest" time="5.203"/>
</testsuite> <!-- TestSelenium.DemoQA -->
