<?xml version="1.0" encoding="UTF-8"?>
<!-- Generated by org.testng.reporters.JUnitReportReporter -->
<testsuite hostname="LAPTOP-U90ATLIT" failures="0" tests="1" name="TestSelenium.AlertDemoQA" time="10.307" errors="0" timestamp="19 Feb 2021 16:46:22 GMT">
  <testcase classname="TestSelenium.AlertDemoQA" name="HandleFrame" time="10.307"/>
</testsuite> <!-- TestSelenium.AlertDemoQA -->
