<?xml version="1.0" encoding="UTF-8"?>
<!-- Generated by org.testng.reporters.JUnitReportReporter -->
<testsuite hostname="DESKTOP-FC7EKBN" name="testSuiteTrial.MouseHover" tests="1" failures="0" timestamp="25 Feb 2021 21:33:08 GMT" time="28.286" errors="0">
  <testcase name="jcp" time="28.286" classname="testSuiteTrial.MouseHover"/>
</testsuite> <!-- testSuiteTrial.MouseHover -->
