<?xml version="1.0" encoding="UTF-8"?>
<!-- Generated by org.testng.reporters.JUnitReportReporter -->
<testsuite hostname="DESKTOP-FC7EKBN" name="testNGListenerpck.DragAndDropDemoQA" tests="1" failures="0" timestamp="26 Feb 2021 15:38:27 GMT" time="7.219" errors="0">
  <testcase name="VerifyDragAndDrop" time="7.219" classname="testNGListenerpck.DragAndDropDemoQA"/>
</testsuite> <!-- testNGListenerpck.DragAndDropDemoQA -->
