<?xml version="1.0" encoding="UTF-8"?>
<!-- Generated by org.testng.reporters.JUnitReportReporter -->
<testsuite hostname="DESKTOP-FC7EKBN" name="demoQA.HomePage" tests="1" failures="0" timestamp="2 Mar 2021 23:46:15 GMT" time="20.341" errors="0">
  <testcase name="elementsStartcheck" time="20.341" classname="demoQA.HomePage"/>
</testsuite> <!-- demoQA.HomePage -->
