<?xml version="1.0" encoding="UTF-8"?>
<!-- Generated by org.testng.reporters.JUnitReportReporter -->
<testsuite hostname="DESKTOP-FC7EKBN" name="testNGListenerpck.KeboardEventDemoQA" tests="1" failures="0" timestamp="26 Feb 2021 15:38:27 GMT" time="8.136" errors="0">
  <testcase name="KeboadEvent" time="8.136" classname="testNGListenerpck.KeboardEventDemoQA"/>
</testsuite> <!-- testNGListenerpck.KeboardEventDemoQA -->
